<?xml version="1.0" encoding="UTF-8"?>
<!-- Generated by org.testng.reporters.JUnitReportReporter -->
<testsuite skipped="0" hostname="DESKTOP-3SJIT6V" name="com.crm.qa.testcases.HomepageTest" tests="1" failures="0" timestamp="20 Mar 2019 06:01:03 GMT" time="40.180" errors="0">
  <testcase name="GettitleTest" time="40.180" classname="com.crm.qa.testcases.HomepageTest"/>
</testsuite> <!-- com.crm.qa.testcases.HomepageTest -->
