<?xml version="1.0" encoding="UTF-8"?>
<!-- Generated by org.testng.reporters.JUnitReportReporter -->
<testsuite skipped="0" hostname="DESKTOP-3SJIT6V" name="com.crm.qa.testcases.LoginPageTest" tests="3" failures="0" timestamp="26 Mar 2019 06:39:36 GMT" time="104.732" errors="0">
  <testcase name="LoginFunctionlityTest" time="37.455" classname="com.crm.qa.testcases.LoginPageTest"/>
  <testcase name="LoginButtonTest" time="32.915" classname="com.crm.qa.testcases.LoginPageTest"/>
  <testcase name="ForgotpwTest" time="34.362" classname="com.crm.qa.testcases.LoginPageTest"/>
</testsuite> <!-- com.crm.qa.testcases.LoginPageTest -->
