<?xml version="1.0" encoding="UTF-8"?>
<!-- Generated by org.testng.reporters.JUnitReportReporter -->
<testsuite skipped="1" hostname="DESKTOP-3SJIT6V" name="com.crm.qa.testcases.ContactspageTest" tests="4" failures="0" timestamp="26 Mar 2019 06:39:36 GMT" time="96.890" errors="0">
  <testcase name="LabelCheckTest" time="32.733" classname="com.crm.qa.testcases.ContactspageTest"/>
  <testcase name="ActionTest" time="34.238" classname="com.crm.qa.testcases.ContactspageTest"/>
  <testcase name="driverTitleTest" time="29.919" classname="com.crm.qa.testcases.ContactspageTest"/>
  <testcase name="Create_New_ContactTest" time="0.000" classname="com.crm.qa.testcases.ContactspageTest">
    <skipped/>
  </testcase> <!-- Create_New_ContactTest -->
</testsuite> <!-- com.crm.qa.testcases.ContactspageTest -->
