<?xml version="1.0" encoding="UTF-8"?>
<!-- Generated by org.testng.reporters.JUnitReportReporter -->
<testsuite skipped="0" hostname="DESKTOP-3SJIT6V" name="com.crm.qa.testcases.ContactspageTest" tests="7" failures="0" timestamp="26 Mar 2019 08:18:14 GMT" time="327.636" errors="0">
  <testcase name="LabelCheckTest" time="32.775" classname="com.crm.qa.testcases.ContactspageTest"/>
  <testcase name="ActionTest" time="28.603" classname="com.crm.qa.testcases.ContactspageTest"/>
  <testcase name="driverTitleTest" time="38.635" classname="com.crm.qa.testcases.ContactspageTest"/>
  <testcase name="Create_New_ContactTest" time="53.160" classname="com.crm.qa.testcases.ContactspageTest"/>
  <testcase name="Create_New_ContactTest" time="47.107" classname="com.crm.qa.testcases.ContactspageTest"/>
  <testcase name="Create_New_ContactTest" time="60.238" classname="com.crm.qa.testcases.ContactspageTest"/>
  <testcase name="Create_New_ContactTest" time="67.118" classname="com.crm.qa.testcases.ContactspageTest"/>
</testsuite> <!-- com.crm.qa.testcases.ContactspageTest -->
