<?xml version="1.0" encoding="UTF-8"?>
<!-- Generated by org.testng.reporters.JUnitReportReporter -->
<testsuite skipped="0" hostname="DESKTOP-3SJIT6V" name="com.crm.qa.testcases.HomepageTest" tests="5" failures="0" timestamp="26 Mar 2019 08:18:14 GMT" time="148.165" errors="0">
  <testcase name="GettitleTest" time="27.144" classname="com.crm.qa.testcases.HomepageTest"/>
  <testcase name="VerifyDeallinkTest" time="30.874" classname="com.crm.qa.testcases.HomepageTest"/>
  <testcase name="ClickDealLinkTest" time="29.431" classname="com.crm.qa.testcases.HomepageTest"/>
  <testcase name="ClickTasksLinkTest" time="31.443" classname="com.crm.qa.testcases.HomepageTest"/>
  <testcase name="VerifyContactLinkTest" time="29.273" classname="com.crm.qa.testcases.HomepageTest"/>
</testsuite> <!-- com.crm.qa.testcases.HomepageTest -->
