<?xml version="1.0" encoding="UTF-8"?>
<!-- Generated by org.testng.reporters.JUnitReportReporter -->
<testsuite skipped="0" hostname="DESKTOP-3SJIT6V" name="com.crm.qa.testcases.HomepageTest" tests="5" failures="0" timestamp="26 Mar 2019 06:39:36 GMT" time="167.470" errors="0">
  <testcase name="GettitleTest" time="28.983" classname="com.crm.qa.testcases.HomepageTest"/>
  <testcase name="VerifyDeallinkTest" time="32.423" classname="com.crm.qa.testcases.HomepageTest"/>
  <testcase name="ClickDealLinkTest" time="33.878" classname="com.crm.qa.testcases.HomepageTest"/>
  <testcase name="ClickTasksLinkTest" time="32.710" classname="com.crm.qa.testcases.HomepageTest"/>
  <testcase name="VerifyContactLinkTest" time="39.476" classname="com.crm.qa.testcases.HomepageTest"/>
</testsuite> <!-- com.crm.qa.testcases.HomepageTest -->
