<?xml version="1.0" encoding="UTF-8"?>
<!-- Generated by org.testng.reporters.JUnitReportReporter -->
<testsuite skipped="0" hostname="DESKTOP-3SJIT6V" name="com.crm.qa.testcases.LoginPageTest" tests="3" failures="0" timestamp="26 Mar 2019 08:18:14 GMT" time="92.731" errors="0">
  <testcase name="LoginFunctionlityTest" time="33.083" classname="com.crm.qa.testcases.LoginPageTest"/>
  <testcase name="LoginButtonTest" time="30.889" classname="com.crm.qa.testcases.LoginPageTest"/>
  <testcase name="ForgotpwTest" time="28.759" classname="com.crm.qa.testcases.LoginPageTest"/>
</testsuite> <!-- com.crm.qa.testcases.LoginPageTest -->
